Ox version 3.40 (Windows) (C) J.A. Doornik, 1994-2004

Ox version 3.40 (Windows) (C) J.A. Doornik, 1994-2004
Descriptive Statistics package version 1.0, object created on 18-03-2006

Algebra code for Data2.xls:
"EMBI+ BZ JPM2" = "EMBI+ BZ JPM"/(1+0.01*("EMBI+ BZ JPM"+"TREAS 7Y"));
"LEMBI+ BZ JPM2" = log("EMBI+ BZ JPM2"*0.01);

Ox version 3.40 (Windows) (C) J.A. Doornik, 1994-2004
Arfima package version 1.02, object created on 18-03-2006

Algebra code for Data2.xls:
"Baa Spread" = FBAA-"TREAS 7Y";

---- Non-linear least squares estimation of ARFIMA(1,0,0) model ----
The estimation sample is:  1995 (23) - 2005 (48)
The dependent variable is: LEMBI+ BZ JPM2  (Data2.xls)

                  Coefficient  Std.Error  t-value  t-prob
AR-1                 0.986951   0.007320     135.   0.000
Constant             -3.37535     0.2106    -16.0   0.000
Baa Spread           0.202076    0.03529     5.73   0.000

log-likelihood     817.900452
no. of observations       546  no. of parameters           4
AIC.T              -1627.8009  AIC               -2.98132034
mean(LEMBI+ BZ JPM2)      -2.7462  var(LEMBI+ BZ JPM2)      0.14818
sigma               0.0541992  sigma^2            0.00293755

BFGS using numerical derivatives (eps1=0.0001; eps2=0.005):
Strong convergence
Used starting values:
      0.97762      -3.5293      0.33447

Results saved to D:\TESES MESTRADO\emetricsmarch2004\MODELO 1  Default X Risk Aversion\Extensão de prazo e INPUT NOVO\semanal\protocolo semanal.out
 
---- Non-linear least squares estimation of ARFIMA(1,0,0) model ----
The estimation sample is:  1999 (5) - 2005 (48)
The dependent variable is: LEMBI+ BZ JPM2  (Data2.xls)

                  Coefficient  Std.Error  t-value  t-prob
AR-1                 0.991621   0.007486     132.   0.000
Constant             -3.52470     0.4583    -7.69   0.000
Baa Spread           0.159010    0.03287     4.84   0.000

log-likelihood     596.669517
no. of observations       356  no. of parameters           4
AIC.T             -1185.33903  AIC               -3.32960403
mean(LEMBI+ BZ JPM2)      -2.7022  var(LEMBI+ BZ JPM2)     0.147667
sigma               0.0454038  sigma^2             0.0020615

BFGS using numerical derivatives (eps1=0.0001; eps2=0.005):
Strong convergence
Used starting values:
      0.97573      -3.7439      0.39287


---- Non-linear least squares estimation of ARFIMA(1,0,0) model ----
The estimation sample is:  1999 (5) - 2004 (4)
The dependent variable is: LEMBI+ BZ JPM2  (Data2.xls)

                  Coefficient  Std.Error  t-value  t-prob
AR-1                 0.987641    0.01165     84.8   0.000
Constant             -3.53244     0.4008    -8.81   0.000
Baa Spread           0.236503    0.03984     5.94   0.000

log-likelihood     428.948373
no. of observations       260  no. of parameters           4
AIC.T             -849.896745  AIC               -3.26883364
mean(LEMBI+ BZ JPM2)     -2.53828  var(LEMBI+ BZ JPM2)     0.088917
sigma               0.0466595  sigma^2            0.00217711

BFGS using numerical derivatives (eps1=0.0001; eps2=0.005):
Strong convergence
Used starting values:
      0.96504      -3.2336      0.24678


---- Non-linear least squares estimation of ARFIMA(1,0,0) model ----
The estimation sample is:  1995 (23) - 2004 (4)
The dependent variable is: LEMBI+ BZ JPM2  (Data2.xls)

                  Coefficient  Std.Error  t-value  t-prob
AR-1                 0.981885   0.009510     103.   0.000
Constant             -3.43194     0.1894    -18.1   0.000
Baa Spread           0.271176    0.04131     6.56   0.000

log-likelihood     657.590977
no. of observations       450  no. of parameters           4
AIC.T             -1307.18195  AIC               -2.90484878
mean(LEMBI+ BZ JPM2)     -2.66087  var(LEMBI+ BZ JPM2)     0.130512
sigma               0.0562458  sigma^2            0.00316359

BFGS using numerical derivatives (eps1=0.0001; eps2=0.005):
Strong convergence
Used starting values:
      0.97092      -3.3894      0.30726

Data2.xls saved to D:\TESES MESTRADO\emetricsmarch2004\MODELO 1  Default X Risk Aversion\Extensão de prazo e INPUT NOVO\semanal\Data3.xls


---- Non-linear least squares estimation of ARFIMA(1,0,0) model ----
The estimation sample is:  1995 (23) - 2003 (21)
The dependent variable is: LEMBI+ BZ JPM2  (Data3)

                  Coefficient  Std.Error  t-value  t-prob
AR-1                 0.981266   0.008896     110.   0.000
Constant             -4.03539     0.1873    -21.5   0.000
Baa Spread           0.498835    0.02293     21.8   0.000

log-likelihood     556.157432
no. of observations       415  no. of parameters           4
AIC.T             -1104.31486  AIC               -2.66099967
mean(LEMBI+ BZ JPM2)     -2.84186  var(LEMBI+ BZ JPM2)     0.129817
sigma               0.0635034  sigma^2            0.00403268

BFGS using numerical derivatives (eps1=0.0001; eps2=0.005):
Strong convergence
Used starting values:
      0.97123      -3.4075      0.26651


---- Non-linear least squares estimation of ARFIMA(1,0,0) model ----
The estimation sample is:  1995 (23) - 2001 (29)
The dependent variable is: LEMBI+ BZ JPM2  (Data3)

                  Coefficient  Std.Error  t-value  t-prob
AR-1                 0.982915    0.01016     96.7   0.000
Constant             -3.17985     0.2324    -13.7   0.000
Baa Spread          0.0862561    0.04713     1.83   0.068

log-likelihood     463.434997
no. of observations       319  no. of parameters           4
AIC.T             -918.869993  AIC                -2.8804702
mean(LEMBI+ BZ JPM2)     -2.84013  var(LEMBI+ BZ JPM2)    0.0995715
sigma               0.0567802  sigma^2            0.00322399

BFGS using numerical derivatives (eps1=0.0001; eps2=0.005):
Strong convergence
Used starting values:
      0.97626      -3.0438      0.10449


---- Non-linear least squares estimation of ARFIMA(1,0,0) model ----
The estimation sample is:  1999 (5) - 2001 (29)
The dependent variable is: LEMBI+ BZ JPM2  (Data3)

                  Coefficient  Std.Error  t-value  t-prob
AR-1                  1.00000 7.861e-0061.272e+005   0.000
Constant              2557.84      418.1     6.12   0.000
Baa Spread          0.0117865    0.04044    0.291   0.771

log-likelihood     227.525742
no. of observations       129  no. of parameters           4
AIC.T             -447.051483  AIC               -3.46551538
mean(LEMBI+ BZ JPM2)     -2.83914  var(LEMBI+ BZ JPM2)    0.0595032
sigma               0.0417986  sigma^2            0.00174713

BFGS using numerical derivatives (eps1=0.0001; eps2=0.005):
Strong convergence
Used starting values:
      0.94101      -2.0565     -0.34206


---- Non-linear least squares estimation of ARFIMA(1,0,0) model ----
The estimation sample is:  1999 (5) - 2003 (21)
The dependent variable is: LEMBI+ BZ JPM2  (Data3)

                  Coefficient  Std.Error  t-value  t-prob
AR-1                 0.972786    0.01320     73.7   0.000
Constant             -4.24665     0.1792    -23.7   0.000
Baa Spread           0.512016    0.02304     22.2   0.000

log-likelihood     306.970025
no. of observations       225  no. of parameters           4
AIC.T             -605.940051  AIC               -2.69306689
mean(LEMBI+ BZ JPM2)     -2.84274  var(LEMBI+ BZ JPM2)     0.132384
sigma               0.0621139  sigma^2            0.00385814

BFGS using numerical derivatives (eps1=0.0001; eps2=0.005):
Strong convergence
Used starting values:
      0.96345      -3.6759      0.33827

Results saved to D:\TESES MESTRADO\emetricsmarch2004\MODELO 1  Default X Risk Aversion\Extensão de prazo e INPUT NOVO\semanal\protocolo semanal.out

Data2.xls loaded from D:\TESES MESTRADO\emetricsmarch2004\MODELO 1  Default X Risk Aversion\Extensão de prazo e INPUT NOVO\semanal\Data2.xls

	Results saved to D:\TESES MESTRADO\emetricsmarch2004\MODELO 1  Default X Risk Aversion\Extensão de prazo e INPUT NOVO\semanal\protocolo semanal.out


---- Non-linear least squares estimation of ARFIMA(1,0,0) model ----
The estimation sample is:  1995 (23) - 2005 (48)
The dependent variable is: LEMBI+ BZ JPM2  (Data2.xls)

                  Coefficient  Std.Error  t-value  t-prob
AR-1                 0.986951   0.007320     135.   0.000
Constant             -3.37535     0.2106    -16.0   0.000
Baa Spread           0.202076    0.03529     5.73   0.000

log-likelihood     817.900452
no. of observations       546  no. of parameters           4
AIC.T              -1627.8009  AIC               -2.98132034
mean(LEMBI+ BZ JPM2)      -2.7462  var(LEMBI+ BZ JPM2)      0.14818
sigma               0.0541992  sigma^2            0.00293755

BFGS using numerical derivatives (eps1=0.0001; eps2=0.005):
Strong convergence
Used starting values:
      0.97762      -3.5293      0.33447


Portmanteau statistic for residuals
Autocorrelation function (ACF) from lag 1 to 52:
      0.16112      0.11635    -0.027779    -0.022242    -0.056016   -0.0051455
   -0.0023763     0.012034    -0.052501     0.033455     0.019471    -0.014177
    -0.039054    0.0098203    0.0046426    -0.026876    0.0075335    -0.012675
     0.070216   -0.0072558    -0.048367    -0.063864    -0.014204    -0.010695
    -0.012445     0.047841    -0.027535     0.016436    -0.042960    -0.036895
   -0.0065940     0.048337    -0.018215     0.056079   0.00091494     0.032969
    -0.033591    0.0064638     0.062413   -0.0068473    -0.010802     0.056065
     0.076912    -0.048480    0.0061039    -0.020282    -0.049955    -0.037006
   -0.0053070     0.069376  -0.00033923     0.051453
Partial autocorrelation function (PACF):
      0.16112     0.092801    -0.061864    -0.020691    -0.041196     0.012828
    0.0056380    0.0063035    -0.059826     0.047868     0.022241    -0.034472
    -0.036429     0.025096     0.012014    -0.036515     0.013808    -0.016595
     0.080711    -0.025324    -0.072492    -0.043009     0.025197    0.0056195
    -0.031715     0.050963    -0.045800     0.029595    -0.050075    -0.042017
     0.022611     0.069150    -0.047223     0.033988    0.0088396     0.018386
    -0.032131   -0.0065162     0.083169    -0.023298   -0.0049062     0.046746
     0.067030    -0.075858    0.0027152   -0.0096977    -0.042366    0.0081640
   -0.0070430     0.072107    -0.036587     0.059170
Portmanteau(52):  Chi^2(51)=   59.516 [0.1934]  

ARCH coefficients:
  Lag Coefficient  Std.Error
    1     0.03072    0.04297
RSS = 0.0882187  sigma = 0.0127697

Testing for error ARCH from lags 1 to 1
ARCH 1-1 test:    F(1,541) =  0.51107 [0.4750]  

---- Non-linear least squares estimation of ARFIMA(2,0,0) model ----
The estimation sample is:  1995 (23) - 2005 (48)
The dependent variable is: LEMBI+ BZ JPM2  (Data2.xls)

                  Coefficient  Std.Error  t-value  t-prob
AR-1                  1.14874    0.04233     27.1   0.000
AR-2                -0.164406    0.04232    -3.88   0.000
Constant             -3.31347     0.1732    -19.1   0.000
Baa Spread           0.194558    0.03584     5.43   0.000

log-likelihood     825.461395
no. of observations       546  no. of parameters           5
AIC.T             -1640.92279  AIC               -3.00535309
mean(LEMBI+ BZ JPM2)      -2.7462  var(LEMBI+ BZ JPM2)      0.14818
sigma               0.0534538  sigma^2            0.00285731

BFGS using numerical derivatives (eps1=0.0001; eps2=0.005):
Strong convergence
Used starting values:
       1.0937     -0.11875      -3.5293      0.33447


Portmanteau statistic for residuals
Autocorrelation function (ACF) from lag 1 to 52:
    -0.016791      0.10545    -0.039706   -0.0039401    -0.049583    0.0099064
   0.00092972     0.026334    -0.059607     0.045092     0.021590   -0.0076204
    -0.035958     0.020786     0.010444    -0.026476     0.018406    -0.022435
     0.079369   -0.0087880    -0.036253    -0.053876   0.00047880   -0.0050897
    -0.017681     0.058238    -0.037680     0.031686    -0.038812    -0.027467
   -0.0064615     0.057411    -0.033707     0.064921    -0.012110     0.040582
    -0.041329    0.0025774     0.066191    -0.012685    -0.017770     0.048410
     0.081073    -0.062549     0.020375    -0.011872    -0.040595    -0.027644
    -0.010221     0.075045    -0.020342     0.054040
Partial autocorrelation function (PACF):
    -0.016791      0.10520    -0.036772    -0.016242    -0.042330    0.0096097
     0.010184     0.021393    -0.061474     0.037916     0.038405    -0.019025
    -0.040200     0.020513     0.023727    -0.031446     0.014825    -0.023914
     0.082657    0.0023481    -0.063088    -0.055097     0.018418     0.015548
    -0.035824     0.054255    -0.038869     0.033911    -0.034632    -0.048552
    0.0059275     0.080808    -0.036273     0.029501     0.012637     0.025834
    -0.026355    -0.023412     0.083884   -0.0053449    -0.012510     0.032546
     0.086180    -0.060254   -0.0050956   -0.0030354    -0.042373    0.0034088
    -0.018190     0.075656    -0.033415     0.058927
Portmanteau(52):  Chi^2(50)=   49.846 [0.4795]  

Normality test for residuals
Observations             546
Mean             1.8690e-007
Std.Devn.           0.053356
Skewness              2.1008
Excess Kurtosis       16.495
Minimum             -0.14820
Maximum              0.51265
Asymptotic test:  Chi^2(2) =   6591.4 [0.0000]**
Normality test:   Chi^2(2) =   236.92 [0.0000]**

ARCH coefficients:
  Lag Coefficient  Std.Error
    1    0.072519    0.04292
RSS = 0.0814022  sigma = 0.0122778

Testing for error ARCH from lags 1 to 1
ARCH 1-1 test:    F(1,540) =   2.8550 [0.0917]  

---- Non-linear least squares estimation of ARFIMA(3,0,0) model ----
The estimation sample is:  1995 (23) - 2005 (48)
The dependent variable is: LEMBI+ BZ JPM2  (Data2.xls)

                  Coefficient  Std.Error  t-value  t-prob
AR-1                  1.13239    0.04265     26.6   0.000
AR-2               -0.0486217    0.06451   -0.754   0.451
AR-3                -0.101207    0.04278    -2.37   0.018
Constant             -3.27810     0.1572    -20.9   0.000
Baa Spread           0.187705    0.03536     5.31   0.000

log-likelihood     828.305565
no. of observations       546  no. of parameters           6
AIC.T             -1644.61113  AIC                -3.0121083
mean(LEMBI+ BZ JPM2)      -2.7462  var(LEMBI+ BZ JPM2)      0.14818
sigma               0.0531761  sigma^2            0.00282769

BFGS using numerical derivatives (eps1=0.0001; eps2=0.005):
Strong convergence
Used starting values:
       1.0851    -0.039227    -0.072711      -3.5293      0.33447


Portmanteau statistic for residuals
Autocorrelation function (ACF) from lag 1 to 156:
    0.0056970     0.010947    -0.045045    -0.016292    -0.044610     0.013603
     0.016106     0.023917    -0.059014     0.048102     0.035276    -0.010042
    -0.035952     0.026366     0.015242    -0.023804     0.012205    -0.014562
     0.085628    0.0010101    -0.042626    -0.052034    0.0066275   -0.0034913
    -0.011833     0.058560    -0.028315     0.030075    -0.034115    -0.034005
   0.00073747     0.057457    -0.028003     0.058286   -0.0042736     0.033900
    -0.046970   0.00051585     0.074182    -0.016415    -0.030513     0.057169
     0.084806    -0.063730     0.017159   -0.0030281    -0.041518    -0.034146
   -0.0038063     0.074477    -0.016580     0.046271    0.0038232     0.026262
    -0.045108    0.0034723    0.0042835     0.066274    -0.029770    0.0034848
    -0.036837     0.079772    -0.021869     0.031067    -0.069039   -0.0077317
    -0.014897    -0.033264     0.036098    -0.048527    -0.035469   -0.0047687
     0.044119    -0.010937    -0.036911    -0.054630     0.018300     0.010565
    -0.045468    -0.043162     0.015795    -0.026299    -0.032782   -0.0079021
     0.014393     0.016311     0.018632     0.097459     0.010254    -0.029551
     0.015703     0.057292    -0.029698    -0.027407     0.034927    0.0027921
    -0.027083     0.075002    -0.025260    -0.046883   -0.0060215    -0.047895
    -0.024917    -0.013499    0.0078221    -0.021595    -0.014184     0.013539
     0.021569    -0.056967    -0.052343     0.010708    -0.010731     0.056071
     0.056320     0.024890   -0.0043649    -0.056653  -0.00086450   -0.0030702
    -0.034404    -0.038690   0.00020779    0.0078027    -0.076199     0.024924
     0.046918    -0.019856    -0.021890     0.028528     0.043491    -0.052595
     0.016047    0.0082061    0.0037086    -0.030105    -0.049252    -0.038816
    -0.036278     0.043425     0.081014    -0.023040     0.018685    0.0041342
    -0.016975     0.033230     0.049188     0.019263     0.030322   -0.0047762
    -0.024849    -0.013748    -0.019027     0.021250     0.023743    -0.029210
Partial autocorrelation function (PACF):
    0.0056970     0.010915    -0.045176    -0.015916    -0.043533     0.012431
     0.015509     0.019395    -0.060104     0.048580     0.039766    -0.015010
    -0.033395     0.026499     0.021243    -0.025101     0.012110    -0.021265
     0.093349    0.0048347    -0.054803    -0.050202     0.019821    0.0053325
    -0.029846     0.054208    -0.034687     0.045429    -0.038182    -0.048578
    0.0092754     0.074805    -0.035616     0.037240     0.013285     0.030480
    -0.033162    -0.018065     0.084549    -0.012451    -0.011766     0.040037
     0.086555    -0.056791    0.0093090   -0.0075479    -0.040281   -0.0034759
    -0.019706     0.068866    -0.033276     0.064697    -0.024748     0.029262
    -0.028742     0.015250    0.0071709     0.051360    -0.014320    -0.022458
   -0.0084084     0.051622    0.0094711     0.016900    -0.064511   -0.0057174
    0.0083391    -0.062164     0.021104    -0.052448    -0.044546     0.014808
     0.036373    -0.021927    -0.044923    -0.043284   -0.0081553     0.014583
    -0.049277    -0.024910   0.00025013    -0.030074    -0.025636    -0.029227
     0.018646     0.011071     0.051810     0.062476     0.021068    -0.021478
     0.043499     0.027601    -0.030392    -0.010101     0.035450   -0.0026584
    -0.033600     0.083200    -0.022710    -0.059473    -0.012550    -0.036974
    -0.033776   -0.0056899    -0.015604    -0.044274   -0.0019090     0.014722
     0.026562    -0.042890    -0.042071    -0.012533     0.029109     0.048782
     0.056614     0.019344     0.016579    -0.026109     0.020439    -0.012436
    -0.027322    -0.023685    -0.013972    -0.018381    -0.067698     0.019144
     0.019249    -0.014034    -0.011950     0.010575     0.015255    -0.033050
     0.033368   -0.0083521     0.012445    0.0098055    -0.066984    -0.044595
   -0.0032372     0.034781     0.042546    -0.011526     0.030443     0.037527
    -0.016356     0.019295     0.040365     0.011994     0.035714    -0.034643
    -0.036441    0.0071134    0.0029347    0.0067792    0.0062682    -0.017489
Portmanteau(156): Chi^2(153)=   133.49 [0.8704]  

Normality test for residuals
Observations             546
Mean            -9.8769e-008
Std.Devn.           0.053079
Skewness              2.0684
Excess Kurtosis       16.552
Minimum             -0.13969
Maximum              0.51180
Asymptotic test:  Chi^2(2) =   6622.2 [0.0000]**
Normality test:   Chi^2(2) =   247.71 [0.0000]**

ARCH coefficients:
  Lag Coefficient  Std.Error
    1    0.065696    0.04298
RSS = 0.0800467  sigma = 0.0121865

Testing for error ARCH from lags 1 to 1
ARCH 1-1 test:    F(1,539) =   2.3365 [0.1270]  

---- Non-linear least squares estimation of ARFIMA(2,0,1) model ----
The estimation sample is:  1995 (23) - 2005 (48)
The dependent variable is: LEMBI+ BZ JPM2  (Data2.xls)

                  Coefficient  Std.Error  t-value  t-prob
AR-1                  1.44454     0.1484     9.74   0.000
AR-2                -0.456551     0.1463    -3.12   0.002
MA-1                -0.297641     0.1566    -1.90   0.058
Constant             -3.28752     0.1606    -20.5   0.000
Baa Spread           0.190346    0.03570     5.33   0.000

log-likelihood     826.986806
no. of observations       546  no. of parameters           6
AIC.T             -1641.97361  AIC               -3.00727768
mean(LEMBI+ BZ JPM2)      -2.7462  var(LEMBI+ BZ JPM2)      0.14818
sigma               0.0533047  sigma^2            0.00284139

BFGS using numerical derivatives (eps1=0.0001; eps2=0.005):
Strong convergence
Used starting values:
       1.6974     -0.70890      0.20688      -3.5293      0.33447


Portmanteau statistic for residuals
Autocorrelation function (ACF) from lag 1 to 156:
    -0.012248     0.060606    -0.056882    -0.014992    -0.049768     0.012925
    0.0083096     0.027048    -0.057999     0.048228     0.028414   -0.0069429
    -0.035094     0.023821     0.013453    -0.024829     0.016847    -0.017557
     0.084255   -0.0034954    -0.037713    -0.052995    0.0035140   -0.0027432
    -0.013579     0.060396    -0.032299     0.031959    -0.037204    -0.029427
   -0.0037711     0.058574    -0.030811     0.062960   -0.0096377     0.037180
    -0.044610    0.0015352     0.068566    -0.014946    -0.022689     0.051624
     0.083435    -0.062242     0.019363   -0.0088524    -0.041154    -0.030277
   -0.0078048     0.075633    -0.018389     0.051569   -0.0016601     0.029491
    -0.046374    0.0090204   -0.0012246     0.067511    -0.033650     0.012436
    -0.041431     0.083014    -0.028685     0.035933    -0.071623   -0.0066891
    -0.015631    -0.035749     0.034711    -0.049585    -0.029837   -0.0082414
     0.042404    -0.013954    -0.032239    -0.054234     0.015652    0.0063623
    -0.042601    -0.043055     0.012504    -0.028495    -0.030895   -0.0082572
     0.012887     0.020334     0.018702     0.096061     0.011280    -0.022128
     0.013789     0.053984    -0.027684    -0.024254     0.031722    0.0054376
    -0.027498     0.073295    -0.026260    -0.044724   -0.0080396    -0.050199
    -0.023434    -0.016451    0.0071632    -0.021278    -0.012294     0.010474
     0.018836    -0.055241    -0.051715     0.011195    -0.010852     0.057779
     0.055170     0.024472   -0.0012846    -0.055479   -0.0023906   -0.0076580
    -0.033552    -0.037279   -0.0012725    0.0074940    -0.072286     0.024307
     0.041523    -0.017609    -0.016224     0.024394     0.043843    -0.052279
     0.019979    0.0042239    0.0027442    -0.031215    -0.050562    -0.037858
    -0.033972     0.039847     0.080335    -0.021644     0.021177    0.0032645
    -0.013744     0.033301     0.048926     0.020285     0.031102   -0.0050771
    -0.024093    -0.012465    -0.019087     0.018915     0.022696    -0.026603
Partial autocorrelation function (PACF):
    -0.012248     0.060465    -0.055656    -0.019900    -0.043615     0.011073
     0.012267     0.020605    -0.059717     0.044268     0.040676    -0.016586
    -0.035533     0.024564     0.023643    -0.029069     0.014984    -0.020749
     0.089035    0.0051995    -0.058333    -0.051044     0.019273     0.011234
    -0.033825     0.055903    -0.035374     0.039306    -0.035458    -0.048368
    0.0073732     0.078314    -0.036236     0.033614     0.014310     0.027404
    -0.028589    -0.020988     0.084288   -0.0091990    -0.011620     0.037277
     0.087933    -0.057430    0.0023019   -0.0034955    -0.042775   0.00011796
    -0.020425     0.072247    -0.033637     0.061769    -0.023580     0.026738
    -0.026646     0.016159    0.0077486     0.050051    -0.014551    -0.021760
   -0.0078610     0.054168    0.0076603     0.014648    -0.062760    -0.010423
     0.014311    -0.064629     0.017995    -0.046984    -0.044510     0.014987
     0.037575    -0.024285    -0.046462    -0.041567   -0.0093690     0.015635
    -0.048205    -0.028152   0.00024128    -0.030674    -0.026052    -0.028533
     0.020411     0.014030     0.050554     0.060469     0.022398    -0.023239
     0.041304     0.028937    -0.030128    -0.011809     0.035572    0.0030750
    -0.037542     0.080494    -0.018653    -0.065194    -0.013433    -0.033689
    -0.034381   -0.0064836    -0.013859    -0.044355   -0.0013418     0.014840
     0.024250    -0.044580    -0.042827   -0.0097741     0.032315     0.049137
     0.056652     0.015979     0.016303    -0.027176     0.018033    -0.010920
    -0.028561    -0.023669    -0.013051    -0.016694    -0.065742     0.017980
     0.021208    -0.015243    -0.011722    0.0093171     0.017602    -0.035078
     0.032878   -0.0048746    0.0065798    0.0086032    -0.067936    -0.044607
    0.0012302     0.034234     0.044236    -0.011981     0.026154     0.039050
    -0.014487     0.017515     0.043735     0.010186     0.032234    -0.032994
    -0.038273    0.0098624    0.0048844    0.0053878    0.0068455    -0.016482
Portmanteau(156): Chi^2(153)=   133.56 [0.8695]  

Normality test for residuals
Observations             546
Mean             2.0025e-006
Std.Devn.           0.053207
Skewness              2.0622
Excess Kurtosis       16.517
Minimum             -0.14780
Maximum              0.51225
Asymptotic test:  Chi^2(2) =   6593.1 [0.0000]**
Normality test:   Chi^2(2) =   248.51 [0.0000]**

ARCH coefficients:
  Lag Coefficient  Std.Error
    1     0.07232    0.04296
RSS = 0.0805958  sigma = 0.0122282

Testing for error ARCH from lags 1 to 1
ARCH 1-1 test:    F(1,539) =   2.8340 [0.0929]  
   
			 
---- Non-linear least squares estimation of ARFIMA(2,0,0) model ----
The estimation sample is:  1999 (5) - 2003 (21)
The dependent variable is: LEMBI+ BZ JPM2  (Data3)

                  Coefficient  Std.Error  t-value  t-prob
AR-1                  1.12779    0.06589     17.1   0.000
AR-2                -0.157428    0.06537    -2.41   0.017
Constant             -4.22231     0.1592    -26.5   0.000
Baa Spread           0.514131    0.02246     22.9   0.000

log-likelihood     309.870781
no. of observations       225  no. of parameters           5
AIC.T             -609.741563  AIC                -2.7099625
mean(LEMBI+ BZ JPM2)     -2.84274  var(LEMBI+ BZ JPM2)     0.132384
sigma               0.0613183  sigma^2            0.00375993

BFGS using numerical derivatives (eps1=0.0001; eps2=0.005):
Strong convergence
Used starting values:
       1.0542    -0.094149      -3.6759      0.33827

				 
---- Non-linear least squares estimation of ARFIMA(2,0,0) model ----
The estimation sample is:  1999 (5) - 2005 (48)
The dependent variable is: LEMBI+ BZ JPM2  (Data2.xls)

                  Coefficient  Std.Error  t-value  t-prob
AR-1                  1.21424    0.05223     23.2   0.000
AR-2                -0.224898    0.05216    -4.31   0.000
Constant             -3.33177     0.2862    -11.6   0.000
Baa Spread           0.142125    0.03340     4.26   0.000

log-likelihood     605.887348
no. of observations       356  no. of parameters           5
AIC.T              -1201.7747  AIC               -3.37577162
mean(LEMBI+ BZ JPM2)      -2.7022  var(LEMBI+ BZ JPM2)     0.147667
sigma               0.0442433  sigma^2            0.00195747

BFGS using numerical derivatives (eps1=0.0001; eps2=0.005):
Strong convergence
Used starting values:
       1.1020     -0.12942      -3.7439      0.39287


Portmanteau statistic for residuals
Autocorrelation function (ACF) from lag 1 to 52:
     0.012958    -0.076235      0.11477    -0.063076    0.0091961     0.022591
     0.044480      0.15378    -0.083162    -0.063351      0.13021     0.036541
    -0.010990     0.051810    -0.018078    -0.095591   -0.0040005    -0.036477
    0.0052504    -0.018501    -0.091865    -0.067456     0.010846    -0.033975
     0.033305     0.038441    -0.012508    -0.011207    -0.067546     -0.11369
     0.064842     0.010095    -0.066535     0.041725   -0.0038925     0.024534
    -0.033221     0.033629      0.10917     0.017389     -0.14386     0.058776
     0.037381    -0.045544   -0.0010053   -0.0066517     0.017242     0.011885
    -0.022725      0.13764     0.022062    -0.059629
Partial autocorrelation function (PACF):
     0.012958    -0.076416      0.11752    -0.074654     0.031678   -0.0035113
     0.065125      0.14668    -0.086527    -0.046410     0.096349     0.063104
   -0.0015273     0.020453    -0.030178     -0.10058     0.017000    -0.048020
    -0.021961    -0.040954    -0.068431    -0.090980     0.022271   -0.0051418
     0.022545     0.031079     0.024082    0.0071517    -0.034993    -0.097641
     0.049449     0.016314    -0.036947     0.011961    0.0081151     0.047910
    -0.056005     0.047239     0.058355     0.037828     -0.11620     0.037595
     0.011991   -0.0058608    -0.033240    -0.055895     0.020166     0.031966
    0.0066396     0.080501    -0.024302   -0.0041347
Portmanteau(52):  Chi^2(50)=   78.268 [0.0065]**

Normality test for residuals
Observations             356
Mean            -6.0953e-008
Std.Devn.           0.044119
Skewness             0.34327
Excess Kurtosis       1.0631
Minimum             -0.13180
Maximum              0.17537
Asymptotic test:  Chi^2(2) =   23.757 [0.0000]**
Normality test:   Chi^2(2) =   14.918 [0.0006]**

ARCH coefficients:
  Lag Coefficient  Std.Error
    1     0.33544    0.05035
RSS = 0.00366314  sigma = 0.00323514

Testing for error ARCH from lags 1 to 1
ARCH 1-1 test:    F(1,350) =   44.391 [0.0000]**

---- Non-linear least squares estimation of ARFIMA(2,0,1) model ----
The estimation sample is:  1999 (5) - 2005 (48)
The dependent variable is: LEMBI+ BZ JPM2  (Data2.xls)

                  Coefficient  Std.Error  t-value  t-prob
AR-1                 0.617537     0.1410     4.38   0.000
AR-2                 0.367281     0.1405     2.61   0.009
MA-1                 0.620437     0.1186     5.23   0.000
Constant             -3.38373     0.3484    -9.71   0.000
Baa Spread           0.137763    0.03354     4.11   0.000

log-likelihood     609.086556
no. of observations       356  no. of parameters           6
AIC.T             -1206.17311  AIC               -3.38812672
mean(LEMBI+ BZ JPM2)      -2.7022  var(LEMBI+ BZ JPM2)     0.147667
sigma               0.0438474  sigma^2             0.0019226

BFGS using numerical derivatives (eps1=0.0001; eps2=0.005):
Strong convergence
Used starting values:
      0.86354      0.10326     -0.11343      -3.7439      0.39287


---- Non-linear least squares estimation of ARFIMA(2,0,0) model ----
The estimation sample is:  1999 (5) - 2004 (4)
The dependent variable is: LEMBI+ BZ JPM2  (Data2.xls)

                  Coefficient  Std.Error  t-value  t-prob
AR-1                  1.20805    0.06079     19.9   0.000
AR-2                -0.227107    0.06125    -3.71   0.000
Constant             -3.35050     0.2127    -15.8   0.000
Baa Spread           0.229121    0.04084     5.61   0.000

log-likelihood     435.906237
no. of observations       260  no. of parameters           5
AIC.T             -861.812473  AIC               -3.31466336
mean(LEMBI+ BZ JPM2)     -2.53828  var(LEMBI+ BZ JPM2)     0.088917
sigma               0.0454274  sigma^2            0.00206365

BFGS using numerical derivatives (eps1=0.0001; eps2=0.005):
Strong convergence
Used starting values:
       1.1332     -0.17422      -3.2336      0.24678


---- Non-linear least squares estimation of ARFIMA(2,0,0) model ----
The estimation sample is:  1995 (23) - 2004 (4)
The dependent variable is: LEMBI+ BZ JPM2  (Data2.xls)

                  Coefficient  Std.Error  t-value  t-prob
AR-1                  1.14296    0.04655     24.6   0.000
AR-2                -0.165377    0.04673    -3.54   0.000
Constant             -3.39006     0.1583    -21.4   0.000
Baa Spread           0.270814    0.04199     6.45   0.000

log-likelihood     663.851608
no. of observations       450  no. of parameters           5
AIC.T             -1317.70322  AIC               -2.92822937
mean(LEMBI+ BZ JPM2)     -2.66087  var(LEMBI+ BZ JPM2)     0.130512
sigma               0.0554687  sigma^2            0.00307677

BFGS using numerical derivatives (eps1=0.0001; eps2=0.005):
Strong convergence
Used starting values:
       1.1163     -0.14969      -3.3894      0.30726


---- Non-linear least squares estimation of ARFIMA(2,0,0) model ----
The estimation sample is:  1995 (23) - 2001 (29)
The dependent variable is: LEMBI+ BZ JPM2  (Data3)

                  Coefficient  Std.Error  t-value  t-prob
AR-1                  1.19775    0.05475     21.9   0.000
AR-2                -0.219251    0.05480    -4.00   0.000
Constant             -3.12815     0.1776    -17.6   0.000
Baa Spread          0.0915505    0.04568     2.00   0.046

log-likelihood     471.477892
no. of observations       319  no. of parameters           5
AIC.T             -932.955785  AIC               -2.92462628
mean(LEMBI+ BZ JPM2)     -2.84013  var(LEMBI+ BZ JPM2)    0.0995715
sigma               0.0553665  sigma^2            0.00306545

BFGS using numerical derivatives (eps1=0.0001; eps2=0.005):
Strong convergence
Used starting values:
       1.1633     -0.19157      -3.0438      0.10449


---- Non-linear least squares estimation of ARFIMA(2,0,0) model ----
The estimation sample is:  1999 (5) - 2001 (29)
The dependent variable is: LEMBI+ BZ JPM2  (Data3)

Warning: invertgen: singular matrix
../arfima/arfima.ox (960): Covar
                  Coefficient  Std.Error  t-value  t-prob
AR-1                  1.21009     0.1123     10.8   0.000
AR-2                -0.210081     0.1123    -1.87   0.064
Constant              410.568 4.507e-0069.109e+007   0.000
Baa Spread          0.0249581    0.03911    0.638   0.525

log-likelihood     230.308446
no. of observations       129  no. of parameters           5
AIC.T             -450.616891  AIC                -3.4931542
mean(LEMBI+ BZ JPM2)     -2.83914  var(LEMBI+ BZ JPM2)    0.0595032
sigma               0.0409066  sigma^2            0.00167335

BFGS using numerical derivatives (eps1=0.0001; eps2=0.005):
Strong convergence
Used starting values:
       1.0434     -0.10876      -2.0565     -0.34206


---- Non-linear least squares estimation of ARFIMA(2,0,0) model ----
The estimation sample is:  1999 (5) - 2003 (21)
The dependent variable is: LEMBI+ BZ JPM2  (Data3)

                  Coefficient  Std.Error  t-value  t-prob
AR-1                  1.12779    0.06589     17.1   0.000
AR-2                -0.157428    0.06537    -2.41   0.017
Constant             -4.22231     0.1592    -26.5   0.000
Baa Spread           0.514131    0.02246     22.9   0.000

log-likelihood     309.870781
no. of observations       225  no. of parameters           5
AIC.T             -609.741563  AIC                -2.7099625
mean(LEMBI+ BZ JPM2)     -2.84274  var(LEMBI+ BZ JPM2)     0.132384
sigma               0.0613183  sigma^2            0.00375993

BFGS using numerical derivatives (eps1=0.0001; eps2=0.005):
Strong convergence
Used starting values:
       1.0542    -0.094149      -3.6759      0.33827


---- Non-linear least squares estimation of ARFIMA(2,0,0) model ----
The estimation sample is:  1995 (23) - 2003 (21)
The dependent variable is: LEMBI+ BZ JPM2  (Data3)

                  Coefficient  Std.Error  t-value  t-prob
AR-1                  1.15973    0.04833     24.0   0.000
AR-2                -0.181074    0.04819    -3.76   0.000
Constant             -4.00442     0.1584    -25.3   0.000
Baa Spread           0.501574    0.02221     22.6   0.000

log-likelihood     563.107904
no. of observations       415  no. of parameters           5
AIC.T             -1116.21581  AIC               -2.68967665
mean(LEMBI+ BZ JPM2)     -2.84186  var(LEMBI+ BZ JPM2)     0.129817
sigma               0.0624487  sigma^2            0.00389984

BFGS using numerical derivatives (eps1=0.0001; eps2=0.005):
Strong convergence
Used starting values:
       1.0895     -0.12181      -3.4075      0.26651

